This file contains any messages produced by compilers while
running configure, to aid debugging if configure makes a mistake.

It was created by WebKit configure 1.9.0, which was
generated by GNU Autoconf 2.68.  Invocation command line was

  $ ./configure --prefix=/usr

## --------- ##
## Platform. ##
## --------- ##

hostname = clarke-OptiPlex-780
uname -m = x86_64
uname -r = 3.2.0-27-generic
uname -s = Linux
uname -v = #43-Ubuntu SMP Fri Jul 6 14:25:57 UTC 2012

/usr/bin/uname -p = unknown
/bin/uname -X     = unknown

/bin/arch              = unknown
/usr/bin/arch -k       = unknown
/usr/convex/getsysinfo = unknown
/usr/bin/hostinfo      = unknown
/bin/machine           = unknown
/usr/bin/oslevel       = unknown
/bin/universe          = unknown

PATH: /usr/share/qt4/bin
PATH: /usr/lib/lightdm/lightdm
PATH: /usr/local/sbin
PATH: /usr/local/bin
PATH: /usr/sbin
PATH: /usr/bin
PATH: /sbin
PATH: /bin
PATH: /usr/games
PATH: /home/clarke/atelite/bin
PATH: /home/clarke/depot_tools


## ----------- ##
## Core tests. ##
## ----------- ##

configure:3036: checking build system type
configure:3050: result: x86_64-unknown-linux-gnu
configure:3070: checking host system type
configure:3083: result: x86_64-unknown-linux-gnu
configure:3136: checking for a BSD-compatible install
configure:3204: result: /usr/bin/install -c
configure:3215: checking whether build environment is sane
configure:3265: result: yes
configure:3406: checking for a thread-safe mkdir -p
configure:3445: result: /bin/mkdir -p
configure:3458: checking for gawk
configure:3488: result: no
configure:3458: checking for mawk
configure:3474: found /usr/bin/mawk
configure:3485: result: mawk
configure:3496: checking whether make sets $(MAKE)
configure:3518: result: yes
configure:3593: checking how to create a ustar tar archive
configure:3606: tar --version
tar (GNU tar) 1.26
Copyright (C) 2011 Free Software Foundation, Inc.
License GPLv3+: GNU GPL version 3 or later <http://gnu.org/licenses/gpl.html>.
This is free software: you are free to change and redistribute it.
There is NO WARRANTY, to the extent permitted by law.

Written by John Gilmore and Jay Fenlason.
configure:3609: $? = 0
configure:3649: tardir=conftest.dir && eval tar --format=ustar -chf - "$tardir" >conftest.tar
configure:3652: $? = 0
configure:3656: tar -xf - <conftest.tar
configure:3659: $? = 0
configure:3672: result: gnutar
configure:3692: checking whether make supports nested variables
configure:3709: result: yes
configure:3723: checking for native Win32
configure:3733: result: no
configure:3821: checking for pkg-config
configure:3839: found /usr/bin/pkg-config
configure:3851: result: /usr/bin/pkg-config
configure:3876: checking pkg-config is at least version 0.9.0
configure:3879: result: yes
configure:3890: checking for perl
configure:3908: found /usr/bin/perl
configure:3920: result: /usr/bin/perl
configure:3934: checking for python
configure:3952: found /usr/bin/python
configure:3964: result: /usr/bin/python
configure:3978: checking for bison
configure:3996: found /usr/bin/bison
configure:4008: result: /usr/bin/bison
configure:4022: checking for mv
configure:4040: found /bin/mv
configure:4052: result: /bin/mv
configure:4112: checking for gcc
configure:4128: found /usr/bin/gcc
configure:4139: result: gcc
configure:4368: checking for C compiler version
configure:4377: gcc --version >&5
gcc (Ubuntu/Linaro 4.6.3-1ubuntu5) 4.6.3
Copyright (C) 2011 Free Software Foundation, Inc.
This is free software; see the source for copying conditions.  There is NO
warranty; not even for MERCHANTABILITY or FITNESS FOR A PARTICULAR PURPOSE.

configure:4388: $? = 0
configure:4377: gcc -v >&5
Using built-in specs.
COLLECT_GCC=gcc
COLLECT_LTO_WRAPPER=/usr/lib/gcc/x86_64-linux-gnu/4.6/lto-wrapper
Target: x86_64-linux-gnu
Configured with: ../src/configure -v --with-pkgversion='Ubuntu/Linaro 4.6.3-1ubuntu5' --with-bugurl=file:///usr/share/doc/gcc-4.6/README.Bugs --enable-languages=c,c++,fortran,objc,obj-c++ --prefix=/usr --program-suffix=-4.6 --enable-shared --enable-linker-build-id --with-system-zlib --libexecdir=/usr/lib --without-included-gettext --enable-threads=posix --with-gxx-include-dir=/usr/include/c++/4.6 --libdir=/usr/lib --enable-nls --with-sysroot=/ --enable-clocale=gnu --enable-libstdcxx-debug --enable-libstdcxx-time=yes --enable-gnu-unique-object --enable-plugin --enable-objc-gc --disable-werror --with-arch-32=i686 --with-tune=generic --enable-checking=release --build=x86_64-linux-gnu --host=x86_64-linux-gnu --target=x86_64-linux-gnu
Thread model: posix
gcc version 4.6.3 (Ubuntu/Linaro 4.6.3-1ubuntu5) 
configure:4388: $? = 0
configure:4377: gcc -V >&5
gcc: error: unrecognized option '-V'
gcc: fatal error: no input files
compilation terminated.
configure:4388: $? = 4
configure:4377: gcc -qversion >&5
gcc: error: unrecognized option '-qversion'
gcc: fatal error: no input files
compilation terminated.
configure:4388: $? = 4
configure:4408: checking whether the C compiler works
configure:4430: gcc    conftest.c  >&5
configure:4434: $? = 0
configure:4482: result: yes
configure:4485: checking for C compiler default output file name
configure:4487: result: a.out
configure:4493: checking for suffix of executables
configure:4500: gcc -o conftest    conftest.c  >&5
configure:4504: $? = 0
configure:4526: result: 
configure:4548: checking whether we are cross compiling
configure:4556: gcc -o conftest    conftest.c  >&5
configure:4560: $? = 0
configure:4567: ./conftest
configure:4571: $? = 0
configure:4586: result: no
configure:4591: checking for suffix of object files
configure:4613: gcc -c   conftest.c >&5
configure:4617: $? = 0
configure:4638: result: o
configure:4642: checking whether we are using the GNU C compiler
configure:4661: gcc -c   conftest.c >&5
configure:4661: $? = 0
configure:4670: result: yes
configure:4679: checking whether gcc accepts -g
configure:4699: gcc -c -g  conftest.c >&5
configure:4699: $? = 0
configure:4740: result: yes
configure:4757: checking for gcc option to accept ISO C89
configure:4821: gcc  -c   conftest.c >&5
configure:4821: $? = 0
configure:4834: result: none needed
configure:4865: checking for style of include used by make
configure:4893: result: GNU
configure:4919: checking dependency style of gcc
configure:5030: result: gcc3
configure:5103: checking for g++
configure:5119: found /usr/bin/g++
configure:5130: result: g++
configure:5157: checking for C++ compiler version
configure:5166: g++ --version >&5
g++ (Ubuntu/Linaro 4.6.3-1ubuntu5) 4.6.3
Copyright (C) 2011 Free Software Foundation, Inc.
This is free software; see the source for copying conditions.  There is NO
warranty; not even for MERCHANTABILITY or FITNESS FOR A PARTICULAR PURPOSE.

configure:5177: $? = 0
configure:5166: g++ -v >&5
Using built-in specs.
COLLECT_GCC=g++
COLLECT_LTO_WRAPPER=/usr/lib/gcc/x86_64-linux-gnu/4.6/lto-wrapper
Target: x86_64-linux-gnu
Configured with: ../src/configure -v --with-pkgversion='Ubuntu/Linaro 4.6.3-1ubuntu5' --with-bugurl=file:///usr/share/doc/gcc-4.6/README.Bugs --enable-languages=c,c++,fortran,objc,obj-c++ --prefix=/usr --program-suffix=-4.6 --enable-shared --enable-linker-build-id --with-system-zlib --libexecdir=/usr/lib --without-included-gettext --enable-threads=posix --with-gxx-include-dir=/usr/include/c++/4.6 --libdir=/usr/lib --enable-nls --with-sysroot=/ --enable-clocale=gnu --enable-libstdcxx-debug --enable-libstdcxx-time=yes --enable-gnu-unique-object --enable-plugin --enable-objc-gc --disable-werror --with-arch-32=i686 --with-tune=generic --enable-checking=release --build=x86_64-linux-gnu --host=x86_64-linux-gnu --target=x86_64-linux-gnu
Thread model: posix
gcc version 4.6.3 (Ubuntu/Linaro 4.6.3-1ubuntu5) 
configure:5177: $? = 0
configure:5166: g++ -V >&5
g++: error: unrecognized option '-V'
g++: fatal error: no input files
compilation terminated.
configure:5177: $? = 4
configure:5166: g++ -qversion >&5
g++: error: unrecognized option '-qversion'
g++: fatal error: no input files
compilation terminated.
configure:5177: $? = 4
configure:5181: checking whether we are using the GNU C++ compiler
configure:5200: g++ -c   conftest.cpp >&5
configure:5200: $? = 0
configure:5209: result: yes
configure:5218: checking whether g++ accepts -g
configure:5238: g++ -c -g  conftest.cpp >&5
configure:5238: $? = 0
configure:5279: result: yes
configure:5304: checking dependency style of g++
configure:5415: result: gcc3
configure:5478: checking for gcc
configure:5505: result: gcc
configure:5734: checking for C compiler version
configure:5743: gcc --version >&5
gcc (Ubuntu/Linaro 4.6.3-1ubuntu5) 4.6.3
Copyright (C) 2011 Free Software Foundation, Inc.
This is free software; see the source for copying conditions.  There is NO
warranty; not even for MERCHANTABILITY or FITNESS FOR A PARTICULAR PURPOSE.

configure:5754: $? = 0
configure:5743: gcc -v >&5
Using built-in specs.
COLLECT_GCC=gcc
COLLECT_LTO_WRAPPER=/usr/lib/gcc/x86_64-linux-gnu/4.6/lto-wrapper
Target: x86_64-linux-gnu
Configured with: ../src/configure -v --with-pkgversion='Ubuntu/Linaro 4.6.3-1ubuntu5' --with-bugurl=file:///usr/share/doc/gcc-4.6/README.Bugs --enable-languages=c,c++,fortran,objc,obj-c++ --prefix=/usr --program-suffix=-4.6 --enable-shared --enable-linker-build-id --with-system-zlib --libexecdir=/usr/lib --without-included-gettext --enable-threads=posix --with-gxx-include-dir=/usr/include/c++/4.6 --libdir=/usr/lib --enable-nls --with-sysroot=/ --enable-clocale=gnu --enable-libstdcxx-debug --enable-libstdcxx-time=yes --enable-gnu-unique-object --enable-plugin --enable-objc-gc --disable-werror --with-arch-32=i686 --with-tune=generic --enable-checking=release --build=x86_64-linux-gnu --host=x86_64-linux-gnu --target=x86_64-linux-gnu
Thread model: posix
gcc version 4.6.3 (Ubuntu/Linaro 4.6.3-1ubuntu5) 
configure:5754: $? = 0
configure:5743: gcc -V >&5
gcc: error: unrecognized option '-V'
gcc: fatal error: no input files
compilation terminated.
configure:5754: $? = 4
configure:5743: gcc -qversion >&5
gcc: error: unrecognized option '-qversion'
gcc: fatal error: no input files
compilation terminated.
configure:5754: $? = 4
configure:5758: checking whether we are using the GNU C compiler
configure:5786: result: yes
configure:5795: checking whether gcc accepts -g
configure:5856: result: yes
configure:5873: checking for gcc option to accept ISO C89
configure:5950: result: none needed
configure:5972: checking dependency style of gcc
configure:6083: result: gcc3
configure:6102: checking whether gcc and cc understand -c and -o together
configure:6133: gcc -c conftest.c -o conftest2.o >&5
configure:6137: $? = 0
configure:6143: gcc -c conftest.c -o conftest2.o >&5
configure:6147: $? = 0
configure:6158: cc -c conftest.c >&5
configure:6162: $? = 0
configure:6170: cc -c conftest.c -o conftest2.o >&5
configure:6174: $? = 0
configure:6180: cc -c conftest.c -o conftest2.o >&5
configure:6184: $? = 0
configure:6202: result: yes
configure:6236: checking for special C compiler options needed for large files
configure:6281: result: no
configure:6287: checking for _FILE_OFFSET_BITS value needed for large files
configure:6312: gcc -c   conftest.c >&5
configure:6312: $? = 0
configure:6344: result: no
configure:6448: g++ -c   conftest.cpp >&5
configure:6448: $? = 0
configure:6462: checking for an ANSI C-conforming const
configure:6527: gcc -c   conftest.c >&5
configure:6527: $? = 0
configure:6534: result: yes
configure:6542: checking for inline
configure:6558: gcc -c   conftest.c >&5
configure:6558: $? = 0
configure:6566: result: inline
configure:6584: checking for working volatile
configure:6603: gcc -c   conftest.c >&5
configure:6603: $? = 0
configure:6610: result: yes
configure:6625: checking how to run the C preprocessor
configure:6656: gcc -E  conftest.c
configure:6656: $? = 0
configure:6670: gcc -E  conftest.c
conftest.c:11:28: fatal error: ac_nonexistent.h: No such file or directory
compilation terminated.
configure:6670: $? = 1
configure: failed program was:
| /* confdefs.h */
| #define PACKAGE_NAME "WebKit"
| #define PACKAGE_TARNAME "webkit"
| #define PACKAGE_VERSION "1.9.0"
| #define PACKAGE_STRING "WebKit 1.9.0"
| #define PACKAGE_BUGREPORT "http://bugs.webkit.org/"
| #define PACKAGE_URL ""
| #define PACKAGE "webkit"
| #define VERSION "1.9.0"
| /* end confdefs.h.  */
| #include <ac_nonexistent.h>
configure:6695: result: gcc -E
configure:6715: gcc -E  conftest.c
configure:6715: $? = 0
configure:6729: gcc -E  conftest.c
conftest.c:11:28: fatal error: ac_nonexistent.h: No such file or directory
compilation terminated.
configure:6729: $? = 1
configure: failed program was:
| /* confdefs.h */
| #define PACKAGE_NAME "WebKit"
| #define PACKAGE_TARNAME "webkit"
| #define PACKAGE_VERSION "1.9.0"
| #define PACKAGE_STRING "WebKit 1.9.0"
| #define PACKAGE_BUGREPORT "http://bugs.webkit.org/"
| #define PACKAGE_URL ""
| #define PACKAGE "webkit"
| #define VERSION "1.9.0"
| /* end confdefs.h.  */
| #include <ac_nonexistent.h>
configure:6758: checking for grep that handles long lines and -e
configure:6816: result: /bin/grep
configure:6821: checking for egrep
configure:6883: result: /bin/grep -E
configure:6888: checking for ANSI C header files
configure:6908: gcc -c   conftest.c >&5
configure:6908: $? = 0
configure:6981: gcc -o conftest    conftest.c  >&5
configure:6981: $? = 0
configure:6981: ./conftest
configure:6981: $? = 0
configure:6992: result: yes
configure:7005: checking for sys/types.h
configure:7005: gcc -c   conftest.c >&5
configure:7005: $? = 0
configure:7005: result: yes
configure:7005: checking for sys/stat.h
configure:7005: gcc -c   conftest.c >&5
configure:7005: $? = 0
configure:7005: result: yes
configure:7005: checking for stdlib.h
configure:7005: gcc -c   conftest.c >&5
configure:7005: $? = 0
configure:7005: result: yes
configure:7005: checking for string.h
configure:7005: gcc -c   conftest.c >&5
configure:7005: $? = 0
configure:7005: result: yes
configure:7005: checking for memory.h
configure:7005: gcc -c   conftest.c >&5
configure:7005: $? = 0
configure:7005: result: yes
configure:7005: checking for strings.h
configure:7005: gcc -c   conftest.c >&5
configure:7005: $? = 0
configure:7005: result: yes
configure:7005: checking for inttypes.h
configure:7005: gcc -c   conftest.c >&5
configure:7005: $? = 0
configure:7005: result: yes
configure:7005: checking for stdint.h
configure:7005: gcc -c   conftest.c >&5
configure:7005: $? = 0
configure:7005: result: yes
configure:7005: checking for unistd.h
configure:7005: gcc -c   conftest.c >&5
configure:7005: $? = 0
configure:7005: result: yes
configure:7017: checking for stdbool.h that conforms to C99
configure:7084: gcc -c   conftest.c >&5
configure:7084: $? = 0
configure:7091: result: yes
configure:7093: checking for _Bool
configure:7093: gcc -c   conftest.c >&5
configure:7093: $? = 0
configure:7093: gcc -c   conftest.c >&5
conftest.c: In function 'main':
conftest.c:57:20: error: expected expression before ')' token
configure:7093: $? = 1
configure: failed program was:
| /* confdefs.h */
| #define PACKAGE_NAME "WebKit"
| #define PACKAGE_TARNAME "webkit"
| #define PACKAGE_VERSION "1.9.0"
| #define PACKAGE_STRING "WebKit 1.9.0"
| #define PACKAGE_BUGREPORT "http://bugs.webkit.org/"
| #define PACKAGE_URL ""
| #define PACKAGE "webkit"
| #define VERSION "1.9.0"
| #define STDC_HEADERS 1
| #define HAVE_SYS_TYPES_H 1
| #define HAVE_SYS_STAT_H 1
| #define HAVE_STDLIB_H 1
| #define HAVE_STRING_H 1
| #define HAVE_MEMORY_H 1
| #define HAVE_STRINGS_H 1
| #define HAVE_INTTYPES_H 1
| #define HAVE_STDINT_H 1
| #define HAVE_UNISTD_H 1
| /* end confdefs.h.  */
| #include <stdio.h>
| #ifdef HAVE_SYS_TYPES_H
| # include <sys/types.h>
| #endif
| #ifdef HAVE_SYS_STAT_H
| # include <sys/stat.h>
| #endif
| #ifdef STDC_HEADERS
| # include <stdlib.h>
| # include <stddef.h>
| #else
| # ifdef HAVE_STDLIB_H
| #  include <stdlib.h>
| # endif
| #endif
| #ifdef HAVE_STRING_H
| # if !defined STDC_HEADERS && defined HAVE_MEMORY_H
| #  include <memory.h>
| # endif
| # include <string.h>
| #endif
| #ifdef HAVE_STRINGS_H
| # include <strings.h>
| #endif
| #ifdef HAVE_INTTYPES_H
| # include <inttypes.h>
| #endif
| #ifdef HAVE_STDINT_H
| # include <stdint.h>
| #endif
| #ifdef HAVE_UNISTD_H
| # include <unistd.h>
| #endif
| int
| main ()
| {
| if (sizeof ((_Bool)))
| 	    return 0;
|   ;
|   return 0;
| }
configure:7093: result: yes
configure:7491: checking how to print strings
configure:7518: result: printf
configure:7539: checking for a sed that does not truncate output
configure:7603: result: /bin/sed
configure:7621: checking for fgrep
configure:7683: result: /bin/grep -F
configure:7718: checking for ld used by gcc
configure:7785: result: /usr/bin/ld
configure:7792: checking if the linker (/usr/bin/ld) is GNU ld
configure:7807: result: yes
configure:7819: checking for BSD- or MS-compatible name lister (nm)
configure:7868: result: /usr/bin/nm -B
configure:7998: checking the name lister (/usr/bin/nm -B) interface
configure:8005: gcc -c   conftest.c >&5
configure:8008: /usr/bin/nm -B "conftest.o"
configure:8011: output
0000000000000000 B some_variable
configure:8018: result: BSD nm
configure:8021: checking whether ln -s works
configure:8025: result: yes
configure:8033: checking the maximum length of command line arguments
configure:8163: result: 1572864
configure:8180: checking whether the shell understands some XSI constructs
configure:8190: result: yes
configure:8194: checking whether the shell understands "+="
configure:8200: result: yes
configure:8235: checking how to convert x86_64-unknown-linux-gnu file names to x86_64-unknown-linux-gnu format
configure:8275: result: func_convert_file_noop
configure:8282: checking how to convert x86_64-unknown-linux-gnu file names to toolchain format
configure:8302: result: func_convert_file_noop
configure:8309: checking for /usr/bin/ld option to reload object files
configure:8316: result: -r
configure:8390: checking for objdump
configure:8417: result: objdump
configure:8446: checking how to recognize dependent libraries
configure:8648: result: pass_all
configure:8733: checking for dlltool
configure:8760: result: dlltool
configure:8790: checking how to associate runtime and link libraries
configure:8817: result: printf %s\n
configure:8877: checking for ar
configure:8893: found /usr/bin/ar
configure:8904: result: ar
configure:8941: checking for archiver @FILE support
configure:8958: gcc -c   conftest.c >&5
configure:8958: $? = 0
configure:8961: ar cru libconftest.a @conftest.lst >&5
configure:8964: $? = 0
configure:8969: ar cru libconftest.a @conftest.lst >&5
ar: conftest.o: No such file or directory
configure:8972: $? = 1
configure:8984: result: @
configure:9042: checking for strip
configure:9058: found /usr/bin/strip
configure:9069: result: strip
configure:9141: checking for ranlib
configure:9157: found /usr/bin/ranlib
configure:9168: result: ranlib
configure:9270: checking command to parse /usr/bin/nm -B output from gcc object
configure:9390: gcc -c   conftest.c >&5
configure:9393: $? = 0
configure:9397: /usr/bin/nm -B conftest.o \| sed -n -e 's/^.*[ ]\([ABCDGIRSTW][ABCDGIRSTW]*\)[ ][ ]*\([_A-Za-z][_A-Za-z0-9]*\)$/\1 \2 \2/p' | sed '/ __gnu_lto/d' \> conftest.nm
configure:9400: $? = 0
configure:9466: gcc -o conftest    conftest.c conftstm.o >&5
configure:9469: $? = 0
configure:9507: result: ok
configure:9544: checking for sysroot
configure:9574: result: no
configure:9651: gcc -c   conftest.c >&5
configure:9654: $? = 0
configure:9830: checking for mt
configure:9846: found /bin/mt
configure:9857: result: mt
configure:9880: checking if mt is a manifest tool
configure:9886: mt '-?'
configure:9894: result: no
configure:10533: checking for dlfcn.h
configure:10533: gcc -c   conftest.c >&5
configure:10533: $? = 0
configure:10533: result: yes
configure:10717: checking for objdir
configure:10732: result: .libs
configure:11003: checking if gcc supports -fno-rtti -fno-exceptions
configure:11021: gcc -c   -fno-rtti -fno-exceptions conftest.c >&5
cc1: warning: command line option '-fno-rtti' is valid for C++/ObjC++ but not for C [enabled by default]
configure:11025: $? = 0
configure:11038: result: no
configure:11365: checking for gcc option to produce PIC
configure:11372: result: -fPIC -DPIC
configure:11380: checking if gcc PIC flag -fPIC -DPIC works
configure:11398: gcc -c   -fPIC -DPIC -DPIC conftest.c >&5
configure:11402: $? = 0
configure:11415: result: yes
configure:11444: checking if gcc static flag -static works
configure:11472: result: yes
configure:11487: checking if gcc supports -c -o file.o
configure:11508: gcc -c   -o out/conftest2.o conftest.c >&5
configure:11512: $? = 0
configure:11534: result: yes
configure:11542: checking if gcc supports -c -o file.o
configure:11589: result: yes
configure:11622: checking whether the gcc linker (/usr/bin/ld -m elf_x86_64) supports shared libraries
configure:12779: result: yes
configure:12816: checking whether -lc should be explicitly linked in
configure:12824: gcc -c   conftest.c >&5
configure:12827: $? = 0
configure:12842: gcc -shared  -fPIC -DPIC conftest.o  -v -Wl,-soname -Wl,conftest -o conftest 2\>\&1 \| /bin/grep  -lc  \>/dev/null 2\>\&1
configure:12845: $? = 0
configure:12859: result: no
configure:13019: checking dynamic linker characteristics
configure:13530: gcc -o conftest    -Wl,-rpath -Wl,/foo conftest.c  >&5
configure:13530: $? = 0
configure:13764: result: GNU/Linux ld.so
configure:13871: checking how to hardcode library paths into programs
configure:13896: result: immediate
configure:14436: checking whether stripping libraries is possible
configure:14441: result: yes
configure:14476: checking if libtool supports shared libraries
configure:14478: result: yes
configure:14481: checking whether to build shared libraries
configure:14502: result: yes
configure:14505: checking whether to build static libraries
configure:14509: result: no
configure:14532: checking how to run the C++ preprocessor
configure:14559: g++ -E  conftest.cpp
configure:14559: $? = 0
configure:14573: g++ -E  conftest.cpp
conftest.cpp:25:28: fatal error: ac_nonexistent.h: No such file or directory
compilation terminated.
configure:14573: $? = 1
configure: failed program was:
| /* confdefs.h */
| #define PACKAGE_NAME "WebKit"
| #define PACKAGE_TARNAME "webkit"
| #define PACKAGE_VERSION "1.9.0"
| #define PACKAGE_STRING "WebKit 1.9.0"
| #define PACKAGE_BUGREPORT "http://bugs.webkit.org/"
| #define PACKAGE_URL ""
| #define PACKAGE "webkit"
| #define VERSION "1.9.0"
| #define STDC_HEADERS 1
| #define HAVE_SYS_TYPES_H 1
| #define HAVE_SYS_STAT_H 1
| #define HAVE_STDLIB_H 1
| #define HAVE_STRING_H 1
| #define HAVE_MEMORY_H 1
| #define HAVE_STRINGS_H 1
| #define HAVE_INTTYPES_H 1
| #define HAVE_STDINT_H 1
| #define HAVE_UNISTD_H 1
| #define HAVE__BOOL 1
| #define HAVE_STDBOOL_H 1
| #define HAVE_DLFCN_H 1
| #define LT_OBJDIR ".libs/"
| /* end confdefs.h.  */
| #include <ac_nonexistent.h>
configure:14598: result: g++ -E
configure:14618: g++ -E  conftest.cpp
configure:14618: $? = 0
configure:14632: g++ -E  conftest.cpp
conftest.cpp:25:28: fatal error: ac_nonexistent.h: No such file or directory
compilation terminated.
configure:14632: $? = 1
configure: failed program was:
| /* confdefs.h */
| #define PACKAGE_NAME "WebKit"
| #define PACKAGE_TARNAME "webkit"
| #define PACKAGE_VERSION "1.9.0"
| #define PACKAGE_STRING "WebKit 1.9.0"
| #define PACKAGE_BUGREPORT "http://bugs.webkit.org/"
| #define PACKAGE_URL ""
| #define PACKAGE "webkit"
| #define VERSION "1.9.0"
| #define STDC_HEADERS 1
| #define HAVE_SYS_TYPES_H 1
| #define HAVE_SYS_STAT_H 1
| #define HAVE_STDLIB_H 1
| #define HAVE_STRING_H 1
| #define HAVE_MEMORY_H 1
| #define HAVE_STRINGS_H 1
| #define HAVE_INTTYPES_H 1
| #define HAVE_STDINT_H 1
| #define HAVE_UNISTD_H 1
| #define HAVE__BOOL 1
| #define HAVE_STDBOOL_H 1
| #define HAVE_DLFCN_H 1
| #define LT_OBJDIR ".libs/"
| /* end confdefs.h.  */
| #include <ac_nonexistent.h>
configure:14801: checking for ld used by g++
configure:14868: result: /usr/bin/ld -m elf_x86_64
configure:14875: checking if the linker (/usr/bin/ld -m elf_x86_64) is GNU ld
configure:14890: result: yes
configure:14945: checking whether the g++ linker (/usr/bin/ld -m elf_x86_64) supports shared libraries
configure:15950: result: yes
configure:15986: g++ -c   conftest.cpp >&5
configure:15989: $? = 0
configure:16509: checking for g++ option to produce PIC
configure:16516: result: -fPIC -DPIC
configure:16524: checking if g++ PIC flag -fPIC -DPIC works
configure:16542: g++ -c   -fPIC -DPIC -DPIC conftest.cpp >&5
configure:16546: $? = 0
configure:16559: result: yes
configure:16582: checking if g++ static flag -static works
configure:16610: result: yes
configure:16622: checking if g++ supports -c -o file.o
configure:16643: g++ -c   -o out/conftest2.o conftest.cpp >&5
configure:16647: $? = 0
configure:16669: result: yes
configure:16674: checking if g++ supports -c -o file.o
configure:16721: result: yes
configure:16751: checking whether the g++ linker (/usr/bin/ld -m elf_x86_64) supports shared libraries
configure:16790: result: yes
configure:16931: checking dynamic linker characteristics
configure:17610: result: GNU/Linux ld.so
configure:17663: checking how to hardcode library paths into programs
configure:17688: result: immediate
configure:17756: checking for bash
configure:17774: found /bin/bash
configure:17786: result: /bin/bash
configure:17794: checking if dolt supports this host
configure:17824: result: yes, replacing libtool
configure:17954: checking for flex
configure:17972: found /usr/bin/flex
configure:17984: result: /usr/bin/flex
configure:18001: checking for gawk
configure:18028: result: mawk
configure:18077: checking for gperf
configure:18095: found /usr/bin/gperf
configure:18107: result: /usr/bin/gperf
configure:18122: checking if g++ supports -fvisibility=hidden -fvisibility-inlines-hidden
configure:18128: gcc -c  -fvisibility=hidden -fvisibility-inlines-hidden  conftest.c >&5
cc1: warning: command line option '-fvisibility-inlines-hidden' is valid for C++/ObjC++ but not for C [enabled by default]
configure:18128: $? = 0
configure:18129: result: yes
configure:18151: checking if we have to disable C++0x compat warnings for GCC >= 4.6.0
configure:18169: g++ -c -Wall -Werror  conftest.cpp >&5
conftest.cpp:29:1: error: identifier 'nullptr' will become a keyword in C++0x [-Werror=c++0x-compat]
cc1plus: all warnings being treated as errors
configure:18169: $? = 1
configure: failed program was:
| /* confdefs.h */
| #define PACKAGE_NAME "WebKit"
| #define PACKAGE_TARNAME "webkit"
| #define PACKAGE_VERSION "1.9.0"
| #define PACKAGE_STRING "WebKit 1.9.0"
| #define PACKAGE_BUGREPORT "http://bugs.webkit.org/"
| #define PACKAGE_URL ""
| #define PACKAGE "webkit"
| #define VERSION "1.9.0"
| #define STDC_HEADERS 1
| #define HAVE_SYS_TYPES_H 1
| #define HAVE_SYS_STAT_H 1
| #define HAVE_STDLIB_H 1
| #define HAVE_STRING_H 1
| #define HAVE_MEMORY_H 1
| #define HAVE_STRINGS_H 1
| #define HAVE_INTTYPES_H 1
| #define HAVE_STDINT_H 1
| #define HAVE_UNISTD_H 1
| #define HAVE__BOOL 1
| #define HAVE_STDBOOL_H 1
| #define HAVE_DLFCN_H 1
| #define LT_OBJDIR ".libs/"
| /* end confdefs.h.  */
| 
| namespace std {
|     class nullptr_t { };
| }
| extern std::nullptr_t nullptr;
| 
| int
| main ()
| {
| return 0;
|   ;
|   return 0;
| }
configure:18175: result: yes
configure:18193: checking pthread.h usability
configure:18193: gcc -c   conftest.c >&5
configure:18193: $? = 0
configure:18193: result: yes
configure:18193: checking pthread.h presence
configure:18193: gcc -E  conftest.c
configure:18193: $? = 0
configure:18193: result: yes
configure:18193: checking for pthread.h
configure:18193: result: yes
configure:18207: checking for pthread_rwlock_init in -lpthread
configure:18232: gcc -o conftest    conftest.c -lpthread   >&5
configure:18232: $? = 0
configure:18241: result: yes
configure:18255: checking for jpeg_destroy_decompress in -ljpeg
configure:18280: gcc -o conftest    conftest.c -ljpeg   >&5
configure:18280: $? = 0
configure:18289: result: yes
configure:18299: checking for jpeglib
configure:18309: gcc -E  conftest.c
configure:18309: $? = 0
configure:18315: result: yes
configure:18328: checking for libpng
configure:18331: result: yes
configure:18437: checking the GTK+ version to use
configure:18450: result: 3.0
configure:18494: checking the target windowing system
configure:18510: result: x11
configure:18513: checking for Hildon UI extensions
configure:18523: result: no
configure:18624: checking the GStreamer version to use
configure:18637: result: 0.10
configure:18768: checking for pkg-config
configure:18798: result: /usr/bin/pkg-config
configure:18823: checking pkg-config is at least version 0.16
configure:18826: result: yes
configure:18843: checking for GLIB - version >= 2.31.8
configure:18958: gcc -o conftest  -pthread -I/usr/include/glib-2.0 -I/usr/lib/x86_64-linux-gnu/glib-2.0/include     conftest.c -Wl,--export-dynamic -pthread -lgmodule-2.0 -lgthread-2.0 -lrt -lgio-2.0 -lgobject-2.0 -lglib-2.0    >&5
configure:18958: $? = 0
configure:18958: ./conftest
configure:18958: $? = 0
configure:18972: result: yes (version 2.32.3)
configure:19109: checking for pkg-config
configure:19139: result: /usr/bin/pkg-config
configure:19164: checking pkg-config is at least version 0.16
configure:19167: result: yes
configure:19287: checking which Unicode backend to use
configure:19303: result: icu
configure:19320: checking for icu-config
configure:19338: found /usr/bin/icu-config
configure:19351: result: /usr/bin/icu-config
configure:19471: checking for ZLIB
configure:19478: $PKG_CONFIG --exists --print-errors "zlib"
configure:19481: $? = 0
configure:19495: $PKG_CONFIG --exists --print-errors "zlib"
configure:19498: $? = 0
configure:19556: result: yes
configure:19573: checking for LIBXML
configure:19580: $PKG_CONFIG --exists --print-errors "libxml-2.0 >= $LIBXML_REQUIRED_VERSION"
configure:19583: $? = 0
configure:19597: $PKG_CONFIG --exists --print-errors "libxml-2.0 >= $LIBXML_REQUIRED_VERSION"
configure:19600: $? = 0
configure:19658: result: yes
configure:19667: checking for PANGO
configure:19675: $PKG_CONFIG --exists --print-errors "pango >= $PANGO_REQUIRED_VERSION
                   pangoft2"
configure:19679: $? = 0
configure:19695: $PKG_CONFIG --exists --print-errors "pango >= $PANGO_REQUIRED_VERSION
                   pangoft2"
configure:19699: $? = 0
configure:19761: result: yes
configure:19768: checking whether to enable spellcheck support
configure:19777: result: yes
configure:19783: checking for ENCHANT
configure:19790: $PKG_CONFIG --exists --print-errors "enchant >= $ENCHANT_REQUIRED_VERSION"
configure:19793: $? = 0
configure:19807: $PKG_CONFIG --exists --print-errors "enchant >= $ENCHANT_REQUIRED_VERSION"
configure:19810: $? = 0
configure:19848: result: yes
configure:19858: checking for GAIL
configure:19865: $PKG_CONFIG --exists --print-errors "$GAIL_PC_NAME >= $GAIL_REQUIRED_VERSION"
configure:19868: $? = 0
configure:19882: $PKG_CONFIG --exists --print-errors "$GAIL_PC_NAME >= $GAIL_REQUIRED_VERSION"
configure:19885: $? = 0
configure:19943: result: yes
configure:20140: checking for CAIRO
configure:20147: $PKG_CONFIG --exists --print-errors "cairo >= $CAIRO_REQUIRED_VERSION"
configure:20150: $? = 0
configure:20164: $PKG_CONFIG --exists --print-errors "cairo >= $CAIRO_REQUIRED_VERSION"
configure:20167: $? = 0
configure:20225: result: yes
configure:20231: checking for GTK
configure:20238: $PKG_CONFIG --exists --print-errors "gtk+-$GTK_API_VERSION >= $GTK_REQUIRED_VERSION"
configure:20241: $? = 0
configure:20255: $PKG_CONFIG --exists --print-errors "gtk+-$GTK_API_VERSION >= $GTK_REQUIRED_VERSION"
configure:20258: $? = 0
configure:20316: result: yes
configure:20325: checking for XT
configure:20332: $PKG_CONFIG --exists --print-errors "xt"
configure:20335: $? = 0
configure:20349: $PKG_CONFIG --exists --print-errors "xt"
configure:20352: $? = 0
configure:20390: result: yes
configure:20456: checking whether to do a debug build
configure:20465: result: no
configure:20469: checking whether to enable optimized builds
configure:20478: result: yes
configure:20482: checking whether to enable WebGL support
configure:20491: result: yes
configure:20495: checking whether to enable accelerated compositing support
configure:20505: result: no
configure:20515: checking GL/gl.h usability
configure:20515: gcc -c   conftest.c >&5
configure:20515: $? = 0
configure:20515: result: yes
configure:20515: checking GL/gl.h presence
configure:20515: gcc -E  conftest.c
configure:20515: $? = 0
configure:20515: result: yes
configure:20515: checking for GL/gl.h
configure:20515: result: yes
configure:20529: checking GL/glx.h usability
configure:20529: gcc -c   conftest.c >&5
configure:20529: $? = 0
configure:20529: result: yes
configure:20529: checking GL/glx.h presence
configure:20529: gcc -E  conftest.c
configure:20529: $? = 0
configure:20529: result: yes
configure:20529: checking for GL/glx.h
configure:20529: result: yes
configure:20736: checking whether to enable HTML5 Channel Messaging support
configure:20745: result: yes
configure:20749: checking whether to enable legacy notifications
configure:20758: result: no
configure:20762: checking whether to enable notifications
configure:20771: result: no
configure:20775: checking whether to enable HTML5 meter tag
configure:20784: result: yes
configure:20788: checking whether to enable HTML5 Microdata support
configure:20797: result: no
configure:20801: checking whether to enable Page Visibility API support
configure:20810: result: no
configure:20814: checking whether to enable HTML5 progress tag
configure:20823: result: yes
configure:20827: checking whether to enable JavaScript debugger/profiler support
configure:20836: result: yes
configure:20840: checking whether to enable Gamepad support
configure:20849: result: no
configure:20853: checking whether to enable HTML5 datagrid support
configure:20862: result: no
configure:20866: checking whether to enable HTML5 data transfer items support
configure:20875: result: no
configure:20879: checking whether to enable DOM mutation observer support
configure:20888: result: no
configure:20892: checking whether to enable HTML5 client-side session and persistent storage support
configure:20901: result: yes
configure:20905: checking whether to enable the indexed database API
configure:20914: result: no
configure:20918: checking whether to enable the color input
configure:20927: result: no
configure:20931: checking whether to enable the speech input API
configure:20940: result: no
configure:20944: checking whether to enable the scripted speech API
configure:20953: result: no
configure:20957: checking whether to enable SQL client-side database storage support
configure:20966: result: yes
configure:20970: checking whether to enable icon database support
configure:20979: result: yes
configure:20983: checking whether to enable image resizer API support
configure:20992: result: no
configure:20996: checking whether to enable HTML5 datalist support
configure:21005: result: yes
configure:21009: checking whether to enable HTML5 sandboxed iframe support
configure:21018: result: yes
configure:21022: checking whether to enable HTML5 video support
configure:21031: result: yes
configure:21040: checking whether to enable HTML5 video track support
configure:21049: result: no
configure:21053: checking whether to enable media source support
configure:21062: result: no
configure:21066: checking whether to enable media statistics support
configure:21075: result: no
configure:21079: checking whether to enable Fullscreen API support
configure:21088: result: yes
configure:21092: checking whether to enable media stream support
configure:21101: result: no
configure:21105: checking whether to enable discovery support
configure:21114: result: yes
configure:21118: checking whether to enable XSLT support
configure:21127: result: yes
configure:21131: checking whether to enable geolocation support
configure:21140: result: yes
configure:21144: checking whether to enable MathML support
configure:21153: result: yes
configure:21157: checking whether to enable MHTML support
configure:21166: result: no
configure:21170: checking whether to enable SVG support
configure:21179: result: yes
configure:21183: checking whether to enable Shadow DOM support
configure:21192: result: yes
configure:21196: checking whether to enable SharedWorkers support
configure:21205: result: yes
configure:21209: checking whether to enable Web Workers support
configure:21218: result: yes
configure:21222: checking whether to enable directory upload support
configure:21231: result: no
configure:21235: checking whether to enable HTML5 FileSystem API support
configure:21244: result: no
configure:21248: checking whether to enable HTML5 <style scoped> support
configure:21257: result: no
configure:21261: checking whether to enable Quota API support
configure:21270: result: no
configure:21279: checking whether to enable support for filters
configure:21288: result: yes
configure:21292: checking whether to enable support for SVG fonts
configure:21301: result: yes
configure:21315: checking whether to enable Web Sockets support
configure:21324: result: yes
configure:21328: checking whether to enable Web Audio support
configure:21337: result: no
configure:21341: checking whether to enable Web Timing support
configure:21350: result: no
configure:21354: checking whether to enable Blob support
configure:21363: result: yes
configure:21367: checking whether to enable Fast Mobile Scrolling
configure:21376: result: no
configure:21380: checking whether to enable code coverage support
configure:21389: result: no
configure:21393: checking whether to enable optimized memory allocator
configure:21402: result: yes
configure:21406: checking whether to enable debug symbols
configure:21415: result: no
configure:21419: checking whether to enable debug features
configure:21428: result: no
configure:21431: checking whether to enable JIT compilation
configure:21444: result: autodetect
configure:21448: checking whether to enable opcode stats
configure:21457: result: no
configure:21470: checking whether to enable link prefetch support
configure:21479: result: no
configure:21489: checking whether to enable GObject introspection support
configure:21498: result: no
configure:21502: checking whether to enable Animation API support
configure:21511: result: no
configure:21515: checking whether to enable requestAnimationFrame support
configure:21524: result: yes
configure:21528: checking whether to enable touch icon loading
configure:21537: result: no
configure:21541: checking whether to enable Register Protocol Handler
configure:21550: result: no
configure:21554: checking whether to enable DeviceOrientation
configure:21563: result: no
configure:21679: checking the font backend to use
configure:21694: result: freetype
configure:21725: checking for LIBSOUP
configure:21732: $PKG_CONFIG --exists --print-errors "libsoup-2.4 >= $LIBSOUP_REQUIRED_VERSION"
configure:21735: $? = 0
configure:21749: $PKG_CONFIG --exists --print-errors "libsoup-2.4 >= $LIBSOUP_REQUIRED_VERSION"
configure:21752: $? = 0
configure:21810: result: yes
configure:21923: checking for FREETYPE
configure:21932: $PKG_CONFIG --exists --print-errors "cairo-ft
                     fontconfig >= $FONTCONFIG_REQUIRED_VERSION
                     freetype2 >= $FREETYPE2_REQUIRED_VERSION"
configure:21937: $? = 0
configure:21955: $PKG_CONFIG --exists --print-errors "cairo-ft
                     fontconfig >= $FONTCONFIG_REQUIRED_VERSION
                     freetype2 >= $FREETYPE2_REQUIRED_VERSION"
configure:21960: $? = 0
configure:22026: result: yes
configure:22040: checking for SQLITE3
configure:22047: $PKG_CONFIG --exists --print-errors "sqlite3 >= $SQLITE_REQUIRED_VERSION"
configure:22050: $? = 0
configure:22064: $PKG_CONFIG --exists --print-errors "sqlite3 >= $SQLITE_REQUIRED_VERSION"
configure:22067: $? = 0
configure:22105: result: yes
configure:22180: checking for LIBXSLT
configure:22187: $PKG_CONFIG --exists --print-errors "libxslt >= $LIBXSLT_REQUIRED_VERSION"
configure:22190: $? = 0
configure:22204: $PKG_CONFIG --exists --print-errors "libxslt >= $LIBXSLT_REQUIRED_VERSION"
configure:22207: $? = 0
configure:22265: result: yes
configure:22277: checking for GEOCLUE
configure:22284: $PKG_CONFIG --exists --print-errors "geoclue"
configure:22287: $? = 0
configure:22301: $PKG_CONFIG --exists --print-errors "geoclue"
configure:22304: $? = 0
configure:22362: result: yes
configure:22375: checking for XRENDER
configure:22382: $PKG_CONFIG --exists --print-errors "xrender"
configure:22385: $? = 0
configure:22399: $PKG_CONFIG --exists --print-errors "xrender"
configure:22402: $? = 0
configure:22460: result: yes
configure:22472: checking for GSTREAMER
configure:22487: $PKG_CONFIG --exists --print-errors "gstreamer-$GST_API_VERSION >= $GSTREAMER_REQUIRED_VERSION
                     gstreamer-app-$GST_API_VERSION
                     gstreamer-audio-$GST_API_VERSION
                     gstreamer-fft-$GST_API_VERSION
                     gstreamer-base-$GST_API_VERSION
                     gstreamer-interfaces-$GST_API_VERSION
                     gstreamer-pbutils-$GST_API_VERSION
                     gstreamer-plugins-base-$GST_API_VERSION >= $GSTREAMER_PLUGINS_BASE_REQUIRED_VERSION
                     gstreamer-video-$GST_API_VERSION"
configure:22498: $? = 0
configure:22528: $PKG_CONFIG --exists --print-errors "gstreamer-$GST_API_VERSION >= $GSTREAMER_REQUIRED_VERSION
                     gstreamer-app-$GST_API_VERSION
                     gstreamer-audio-$GST_API_VERSION
                     gstreamer-fft-$GST_API_VERSION
                     gstreamer-base-$GST_API_VERSION
                     gstreamer-interfaces-$GST_API_VERSION
                     gstreamer-pbutils-$GST_API_VERSION
                     gstreamer-plugins-base-$GST_API_VERSION >= $GSTREAMER_PLUGINS_BASE_REQUIRED_VERSION
                     gstreamer-video-$GST_API_VERSION"
configure:22539: $? = 0
configure:22629: result: yes
configure:22921: checking whether to build Webkit2
configure:22930: result: no
configure:23019: checking whether to build plugin process for WebKit2
configure:23028: result: yes
configure:23138: checking for gtkdoc-check
configure:23156: found /usr/bin/gtkdoc-check
configure:23168: result: /usr/bin/gtkdoc-check
configure:23180: checking for gtkdoc-rebase
configure:23198: found /usr/bin/gtkdoc-rebase
configure:23210: result: /usr/bin/gtkdoc-rebase
configure:23224: checking for gtkdoc-mkpdf
configure:23242: found /usr/bin/gtkdoc-mkpdf
configure:23254: result: /usr/bin/gtkdoc-mkpdf
configure:23388: checking whether to build gtk-doc documentation
configure:23390: result: no
configure:24659: creating ./config.status

## ---------------------- ##
## Running config.status. ##
## ---------------------- ##

This file was extended by WebKit config.status 1.9.0, which was
generated by GNU Autoconf 2.68.  Invocation command line was

  CONFIG_FILES    = 
  CONFIG_HEADERS  = 
  CONFIG_LINKS    = 
  CONFIG_COMMANDS = 
  $ ./config.status 

on clarke-OptiPlex-780

config.status:1517: creating GNUmakefile
config.status:1517: creating Source/WebKit/gtk/webkit/webkitversion.h
config.status:1517: creating Source/WebKit/gtk/webkitgtk-3.0.pc
config.status:1517: creating Source/WebKit/gtk/JSCore-3.0.gir
config.status:1517: creating Source/JavaScriptCore/javascriptcoregtk-3.0.pc
config.status:1517: creating autotoolsconfig.h
config.status:1746: executing depfiles commands
config.status:1746: executing libtool commands

## ---------------- ##
## Cache variables. ##
## ---------------- ##

ac_cv_build=x86_64-unknown-linux-gnu
ac_cv_c_compiler_gnu=yes
ac_cv_c_const=yes
ac_cv_c_inline=inline
ac_cv_c_volatile=yes
ac_cv_cxx_compiler_gnu=yes
ac_cv_env_ATSPI2_CFLAGS_set=
ac_cv_env_ATSPI2_CFLAGS_value=
ac_cv_env_ATSPI2_LIBS_set=
ac_cv_env_ATSPI2_LIBS_value=
ac_cv_env_CAIRO_CFLAGS_set=
ac_cv_env_CAIRO_CFLAGS_value=
ac_cv_env_CAIRO_LIBS_set=
ac_cv_env_CAIRO_LIBS_value=
ac_cv_env_CCC_set=
ac_cv_env_CCC_value=
ac_cv_env_CC_set=
ac_cv_env_CC_value=
ac_cv_env_CFLAGS_set=
ac_cv_env_CFLAGS_value=
ac_cv_env_CLUTTER_CFLAGS_set=
ac_cv_env_CLUTTER_CFLAGS_value=
ac_cv_env_CLUTTER_GTK_CFLAGS_set=
ac_cv_env_CLUTTER_GTK_CFLAGS_value=
ac_cv_env_CLUTTER_GTK_LIBS_set=
ac_cv_env_CLUTTER_GTK_LIBS_value=
ac_cv_env_CLUTTER_LIBS_set=
ac_cv_env_CLUTTER_LIBS_value=
ac_cv_env_CPPFLAGS_set=
ac_cv_env_CPPFLAGS_value=
ac_cv_env_CPP_set=
ac_cv_env_CPP_value=
ac_cv_env_CXXCPP_set=
ac_cv_env_CXXCPP_value=
ac_cv_env_CXXFLAGS_set=
ac_cv_env_CXXFLAGS_value=
ac_cv_env_CXX_set=
ac_cv_env_CXX_value=
ac_cv_env_ENCHANT_CFLAGS_set=
ac_cv_env_ENCHANT_CFLAGS_value=
ac_cv_env_ENCHANT_LIBS_set=
ac_cv_env_ENCHANT_LIBS_value=
ac_cv_env_FREETYPE_CFLAGS_set=
ac_cv_env_FREETYPE_CFLAGS_value=
ac_cv_env_FREETYPE_LIBS_set=
ac_cv_env_FREETYPE_LIBS_value=
ac_cv_env_GAIL_CFLAGS_set=
ac_cv_env_GAIL_CFLAGS_value=
ac_cv_env_GAIL_LIBS_set=
ac_cv_env_GAIL_LIBS_value=
ac_cv_env_GEOCLUE_CFLAGS_set=
ac_cv_env_GEOCLUE_CFLAGS_value=
ac_cv_env_GEOCLUE_LIBS_set=
ac_cv_env_GEOCLUE_LIBS_value=
ac_cv_env_GSTREAMER_CFLAGS_set=
ac_cv_env_GSTREAMER_CFLAGS_value=
ac_cv_env_GSTREAMER_LIBS_set=
ac_cv_env_GSTREAMER_LIBS_value=
ac_cv_env_GTK2_CFLAGS_set=
ac_cv_env_GTK2_CFLAGS_value=
ac_cv_env_GTK2_LIBS_set=
ac_cv_env_GTK2_LIBS_value=
ac_cv_env_GTKDOC_DEPS_CFLAGS_set=
ac_cv_env_GTKDOC_DEPS_CFLAGS_value=
ac_cv_env_GTKDOC_DEPS_LIBS_set=
ac_cv_env_GTKDOC_DEPS_LIBS_value=
ac_cv_env_GTK_CFLAGS_set=
ac_cv_env_GTK_CFLAGS_value=
ac_cv_env_GTK_LIBS_set=
ac_cv_env_GTK_LIBS_value=
ac_cv_env_GTK_UNIX_PRINTING_CFLAGS_set=
ac_cv_env_GTK_UNIX_PRINTING_CFLAGS_value=
ac_cv_env_GTK_UNIX_PRINTING_LIBS_set=
ac_cv_env_GTK_UNIX_PRINTING_LIBS_value=
ac_cv_env_HILDON_CFLAGS_set=
ac_cv_env_HILDON_CFLAGS_value=
ac_cv_env_HILDON_LIBS_set=
ac_cv_env_HILDON_LIBS_value=
ac_cv_env_INTROSPECTION_CFLAGS_set=
ac_cv_env_INTROSPECTION_CFLAGS_value=
ac_cv_env_INTROSPECTION_LIBS_set=
ac_cv_env_INTROSPECTION_LIBS_value=
ac_cv_env_LDFLAGS_set=
ac_cv_env_LDFLAGS_value=
ac_cv_env_LIBSOUP_CFLAGS_set=
ac_cv_env_LIBSOUP_CFLAGS_value=
ac_cv_env_LIBSOUP_LIBS_set=
ac_cv_env_LIBSOUP_LIBS_value=
ac_cv_env_LIBS_set=
ac_cv_env_LIBS_value=
ac_cv_env_LIBXML_CFLAGS_set=
ac_cv_env_LIBXML_CFLAGS_value=
ac_cv_env_LIBXML_LIBS_set=
ac_cv_env_LIBXML_LIBS_value=
ac_cv_env_LIBXSLT_CFLAGS_set=
ac_cv_env_LIBXSLT_CFLAGS_value=
ac_cv_env_LIBXSLT_LIBS_set=
ac_cv_env_LIBXSLT_LIBS_value=
ac_cv_env_PANGO_CFLAGS_set=
ac_cv_env_PANGO_CFLAGS_value=
ac_cv_env_PANGO_LIBS_set=
ac_cv_env_PANGO_LIBS_value=
ac_cv_env_PKG_CONFIG_LIBDIR_set=
ac_cv_env_PKG_CONFIG_LIBDIR_value=
ac_cv_env_PKG_CONFIG_PATH_set=
ac_cv_env_PKG_CONFIG_PATH_value=
ac_cv_env_PKG_CONFIG_set=
ac_cv_env_PKG_CONFIG_value=
ac_cv_env_SQLITE3_CFLAGS_set=
ac_cv_env_SQLITE3_CFLAGS_value=
ac_cv_env_SQLITE3_LIBS_set=
ac_cv_env_SQLITE3_LIBS_value=
ac_cv_env_UNICODE_CFLAGS_set=
ac_cv_env_UNICODE_CFLAGS_value=
ac_cv_env_UNICODE_LIBS_set=
ac_cv_env_UNICODE_LIBS_value=
ac_cv_env_XRENDER_CFLAGS_set=
ac_cv_env_XRENDER_CFLAGS_value=
ac_cv_env_XRENDER_LIBS_set=
ac_cv_env_XRENDER_LIBS_value=
ac_cv_env_XT_CFLAGS_set=
ac_cv_env_XT_CFLAGS_value=
ac_cv_env_XT_LIBS_set=
ac_cv_env_XT_LIBS_value=
ac_cv_env_ZLIB_CFLAGS_set=
ac_cv_env_ZLIB_CFLAGS_value=
ac_cv_env_ZLIB_LIBS_set=
ac_cv_env_ZLIB_LIBS_value=
ac_cv_env_build_alias_set=
ac_cv_env_build_alias_value=
ac_cv_env_host_alias_set=
ac_cv_env_host_alias_value=
ac_cv_env_target_alias_set=
ac_cv_env_target_alias_value=
ac_cv_header_GL_gl_h=yes
ac_cv_header_GL_glx_h=yes
ac_cv_header_dlfcn_h=yes
ac_cv_header_inttypes_h=yes
ac_cv_header_memory_h=yes
ac_cv_header_pthread_h=yes
ac_cv_header_stdbool_h=yes
ac_cv_header_stdc=yes
ac_cv_header_stdint_h=yes
ac_cv_header_stdlib_h=yes
ac_cv_header_string_h=yes
ac_cv_header_strings_h=yes
ac_cv_header_sys_stat_h=yes
ac_cv_header_sys_types_h=yes
ac_cv_header_unistd_h=yes
ac_cv_host=x86_64-unknown-linux-gnu
ac_cv_lib_jpeg_jpeg_destroy_decompress=yes
ac_cv_lib_pthread_pthread_rwlock_init=yes
ac_cv_objext=o
ac_cv_path_BISON=/usr/bin/bison
ac_cv_path_DOLT_BASH=/bin/bash
ac_cv_path_EGREP='/bin/grep -E'
ac_cv_path_FGREP='/bin/grep -F'
ac_cv_path_FLEX=/usr/bin/flex
ac_cv_path_GPERF=/usr/bin/gperf
ac_cv_path_GREP=/bin/grep
ac_cv_path_GTKDOC_CHECK=/usr/bin/gtkdoc-check
ac_cv_path_GTKDOC_MKPDF=/usr/bin/gtkdoc-mkpdf
ac_cv_path_GTKDOC_REBASE=/usr/bin/gtkdoc-rebase
ac_cv_path_MV=/bin/mv
ac_cv_path_PERL=/usr/bin/perl
ac_cv_path_PYTHON=/usr/bin/python
ac_cv_path_SED=/bin/sed
ac_cv_path_ac_pt_PKG_CONFIG=/usr/bin/pkg-config
ac_cv_path_icu_config=/usr/bin/icu-config
ac_cv_path_install='/usr/bin/install -c'
ac_cv_path_mkdir=/bin/mkdir
ac_cv_prog_AWK=mawk
ac_cv_prog_CPP='gcc -E'
ac_cv_prog_CXXCPP='g++ -E'
ac_cv_prog_ac_ct_AR=ar
ac_cv_prog_ac_ct_CC=gcc
ac_cv_prog_ac_ct_CXX=g++
ac_cv_prog_ac_ct_DLLTOOL=dlltool
ac_cv_prog_ac_ct_MANIFEST_TOOL=mt
ac_cv_prog_ac_ct_OBJDUMP=objdump
ac_cv_prog_ac_ct_RANLIB=ranlib
ac_cv_prog_ac_ct_STRIP=strip
ac_cv_prog_cc_c89=
ac_cv_prog_cc_g=yes
ac_cv_prog_cc_gcc_c_o=yes
ac_cv_prog_cxx_g=yes
ac_cv_prog_make_make_set=yes
ac_cv_sys_file_offset_bits=no
ac_cv_sys_largefile_CC=no
ac_cv_type__Bool=yes
am_cv_CC_dependencies_compiler_type=gcc3
am_cv_CXX_dependencies_compiler_type=gcc3
am_cv_make_support_nested_variables=yes
am_cv_prog_cc_stdc=
am_cv_prog_tar_ustar=gnutar
lt_cv_ar_at_file=@
lt_cv_archive_cmds_need_lc=no
lt_cv_deplibs_check_method=pass_all
lt_cv_file_magic_cmd='$MAGIC_CMD'
lt_cv_file_magic_test_file=
lt_cv_ld_reload_flag=-r
lt_cv_nm_interface='BSD nm'
lt_cv_objdir=.libs
lt_cv_path_LD=/usr/bin/ld
lt_cv_path_LDCXX='/usr/bin/ld -m elf_x86_64'
lt_cv_path_NM='/usr/bin/nm -B'
lt_cv_path_mainfest_tool=no
lt_cv_prog_compiler_c_o=yes
lt_cv_prog_compiler_c_o_CXX=yes
lt_cv_prog_compiler_pic='-fPIC -DPIC'
lt_cv_prog_compiler_pic_CXX='-fPIC -DPIC'
lt_cv_prog_compiler_pic_works=yes
lt_cv_prog_compiler_pic_works_CXX=yes
lt_cv_prog_compiler_rtti_exceptions=no
lt_cv_prog_compiler_static_works=yes
lt_cv_prog_compiler_static_works_CXX=yes
lt_cv_prog_gnu_ld=yes
lt_cv_prog_gnu_ldcxx=yes
lt_cv_sharedlib_from_linklib_cmd='printf %s\n'
lt_cv_shlibpath_overrides_runpath=no
lt_cv_sys_global_symbol_pipe='sed -n -e '\''s/^.*[	 ]\([ABCDGIRSTW][ABCDGIRSTW]*\)[	 ][	 ]*\([_A-Za-z][_A-Za-z0-9]*\)$/\1 \2 \2/p'\'' | sed '\''/ __gnu_lto/d'\'''
lt_cv_sys_global_symbol_to_c_name_address='sed -n -e '\''s/^: \([^ ]*\)[ ]*$/  {\"\1\", (void *) 0},/p'\'' -e '\''s/^[ABCDGIRSTW]* \([^ ]*\) \([^ ]*\)$/  {"\2", (void *) \&\2},/p'\'''
lt_cv_sys_global_symbol_to_c_name_address_lib_prefix='sed -n -e '\''s/^: \([^ ]*\)[ ]*$/  {\"\1\", (void *) 0},/p'\'' -e '\''s/^[ABCDGIRSTW]* \([^ ]*\) \(lib[^ ]*\)$/  {"\2", (void *) \&\2},/p'\'' -e '\''s/^[ABCDGIRSTW]* \([^ ]*\) \([^ ]*\)$/  {"lib\2", (void *) \&\2},/p'\'''
lt_cv_sys_global_symbol_to_cdecl='sed -n -e '\''s/^T .* \(.*\)$/extern int \1();/p'\'' -e '\''s/^[ABCDGIRSTW]* .* \(.*\)$/extern char \1;/p'\'''
lt_cv_sys_max_cmd_len=1572864
lt_cv_to_host_file_cmd=func_convert_file_noop
lt_cv_to_tool_file_cmd=func_convert_file_noop
pkg_cv_CAIRO_CFLAGS='-I/usr/include/cairo -I/usr/include/glib-2.0 -I/usr/lib/x86_64-linux-gnu/glib-2.0/include -I/usr/include/pixman-1 -I/usr/include/freetype2 -I/usr/include/libpng12  '
pkg_cv_CAIRO_LIBS='-lcairo  '
pkg_cv_ENCHANT_CFLAGS='-pthread -I/usr/include/glib-2.0 -I/usr/lib/x86_64-linux-gnu/glib-2.0/include -I/usr/include/enchant  '
pkg_cv_ENCHANT_LIBS='-lenchant  '
pkg_cv_FREETYPE_CFLAGS='-I/usr/include/cairo -I/usr/include/freetype2 -I/usr/include/glib-2.0 -I/usr/lib/x86_64-linux-gnu/glib-2.0/include -I/usr/include/pixman-1 -I/usr/include/libpng12  '
pkg_cv_FREETYPE_LIBS='-lcairo -lfontconfig -lfreetype  '
pkg_cv_GAIL_CFLAGS='-pthread -I/usr/include/gail-3.0 -I/usr/include/atk-1.0 -I/usr/include/gtk-3.0 -I/usr/include/glib-2.0 -I/usr/lib/x86_64-linux-gnu/glib-2.0/include -I/usr/include/pango-1.0 -I/usr/include/gio-unix-2.0/ -I/usr/include/cairo -I/usr/include/gdk-pixbuf-2.0 -I/usr/include/freetype2 -I/usr/include/pixman-1 -I/usr/include/libpng12  '
pkg_cv_GAIL_LIBS='-lgailutil-3 -lgtk-3 -lgdk-3 -latk-1.0 -lgio-2.0 -lpangocairo-1.0 -lgdk_pixbuf-2.0 -lcairo-gobject -lpango-1.0 -lcairo -lgobject-2.0 -lglib-2.0  '
pkg_cv_GEOCLUE_CFLAGS='-I/usr/include/dbus-1.0 -I/usr/include/libxml2 -I/usr/lib/x86_64-linux-gnu/dbus-1.0/include -I/usr/include/glib-2.0 -I/usr/lib/x86_64-linux-gnu/glib-2.0/include  '
pkg_cv_GEOCLUE_LIBS='-lgeoclue -ldbus-glib-1 -lxml2 -ldbus-1 -lpthread -lrt -lgobject-2.0 -lglib-2.0  '
pkg_cv_GSTREAMER_CFLAGS='-pthread -I/usr/include/gstreamer-0.10 -I/usr/include/glib-2.0 -I/usr/lib/x86_64-linux-gnu/glib-2.0/include -I/usr/include/libxml2  '
pkg_cv_GSTREAMER_LIBS='-pthread -lgstapp-0.10 -lgstaudio-0.10 -lgstfft-0.10 -lm -lgstinterfaces-0.10 -lgstpbutils-0.10 -lgstvideo-0.10 -lgstbase-0.10 -lgstreamer-0.10 -lgobject-2.0 -lgmodule-2.0 -lgthread-2.0 -lrt -lxml2 -lglib-2.0  '
pkg_cv_GTK_CFLAGS='-pthread -I/usr/include/gtk-3.0 -I/usr/include/pango-1.0 -I/usr/include/gio-unix-2.0/ -I/usr/include/atk-1.0 -I/usr/include/cairo -I/usr/include/gdk-pixbuf-2.0 -I/usr/include/freetype2 -I/usr/include/glib-2.0 -I/usr/lib/x86_64-linux-gnu/glib-2.0/include -I/usr/include/pixman-1 -I/usr/include/libpng12  '
pkg_cv_GTK_LIBS='-lgtk-3 -lgdk-3 -latk-1.0 -lgio-2.0 -lpangocairo-1.0 -lgdk_pixbuf-2.0 -lcairo-gobject -lpango-1.0 -lcairo -lgobject-2.0 -lglib-2.0  '
pkg_cv_LIBSOUP_CFLAGS='-pthread -I/usr/include/libsoup-2.4 -I/usr/include/libxml2 -I/usr/include/glib-2.0 -I/usr/lib/x86_64-linux-gnu/glib-2.0/include  '
pkg_cv_LIBSOUP_LIBS='-lsoup-2.4 -lgio-2.0 -lgobject-2.0 -lglib-2.0  '
pkg_cv_LIBXML_CFLAGS='-I/usr/include/libxml2  '
pkg_cv_LIBXML_LIBS='-lxml2  '
pkg_cv_LIBXSLT_CFLAGS='-I/usr/include/libxml2  '
pkg_cv_LIBXSLT_LIBS='-lxslt -lxml2  '
pkg_cv_PANGO_CFLAGS='-pthread -I/usr/include/pango-1.0 -I/usr/include/glib-2.0 -I/usr/lib/x86_64-linux-gnu/glib-2.0/include -I/usr/include/freetype2  '
pkg_cv_PANGO_LIBS='-lpangoft2-1.0 -lpango-1.0 -lfreetype -lfontconfig -lgobject-2.0 -lglib-2.0  '
pkg_cv_SQLITE3_CFLAGS=' '
pkg_cv_SQLITE3_LIBS='-lsqlite3  '
pkg_cv_XRENDER_CFLAGS=' '
pkg_cv_XRENDER_LIBS='-lXrender -lX11  '
pkg_cv_XT_CFLAGS=' '
pkg_cv_XT_LIBS='-lXt -lX11  '
pkg_cv_ZLIB_CFLAGS=' '
pkg_cv_ZLIB_LIBS='-lz  '

## ----------------- ##
## Output variables. ##
## ----------------- ##











	  $(INSTALL_DATA) $$files "$(DESTDIR)$(gsettingsschemadir)" || exit $$?; \
	  echo " $(INSTALL_DATA) $$files '\''$(DESTDIR)$(gsettingsschemadir)'\''"; \
	  echo "$$d$$p"; \
	  if test -f "$$p"; then d=; else d="$(srcdir)/"; fi; \
	$(AM_V_GEN) glib-mkenums --comments '\''<!-- @comment@ -->'\'' --fhead "<schemalist>" --vhead "  <@type@ id='\''$(gsettings_ENUM_NAMESPACE).@EnumName@'\''>" --vprod "    <value nick='\''@valuenick@'\'' value='\''@valuenum@'\''/>" --vtail "  </@type@>" --ftail "</schemalist>" $(gsettings_ENUM_FILES) > $@.tmp && mv $@.tmp $@
	$(AM_V_GEN) if test -f "$<"; then d=; else d="$(srcdir)/"; fi; $(GLIB_COMPILE_SCHEMAS) --dry-run $(addprefix --schema-file=,$(gsettings__enum_file)) --schema-file=$${d}$< && touch $@
	@$(NORMAL_INSTALL)
	@$(NORMAL_UNINSTALL)
	@list='\''$(gsettings_SCHEMAS) $(gsettings__enum_file)'\''; test -n "$(gsettingsschemadir)" || list=; \
	@list='\''$(gsettings__enum_file) $(gsettings_SCHEMAS)'\''; test -n "$(gsettingsschemadir)" || list=; \
	cd "$(DESTDIR)$(gsettingsschemadir)" && rm -f $$files
	done
	done | $(gsettings__base_list) | \
	echo " ( cd '\''$(DESTDIR)$(gsettingsschemadir)'\'' && rm -f" $$files ")"; \
	files=`for p in $$list; do echo $$p; done | sed -e '\''s|^.*/||'\''`; \
	for p in $$list; do \
	rm -f $(gsettings_SCHEMAS:.xml=.valid) $(gsettings__enum_file)
	test -n "$$files" || exit 0; \
	test -n "$(GSETTINGS_DISABLE_SCHEMAS_COMPILE)$(DESTDIR)" || $(GLIB_COMPILE_SCHEMAS) $(gsettingsschemadir)
	test -n "$(GSETTINGS_DISABLE_SCHEMAS_COMPILE)$(DESTDIR)" || $(GLIB_COMPILE_SCHEMAS) $(gsettingsschemadir)
	test -z "$(gsettingsschemadir)" || $(MKDIR_P) "$(DESTDIR)$(gsettingsschemadir)"
	while read files; do \
  sed "$$!N;$$!N;$$!N;$$!N;$$!N;$$!N;$$!N;s/\n/ /g" | \
  sed "$$!N;$$!N;$$!N;$$!N;s/\n/ /g"
$(gsettings__enum_file): $(gsettings_ENUM_FILES)
%.gschema.valid: %.gschema.xml $(gsettings__enum_file)
.PHONY : uninstall-gsettings-schemas install-gsettings-schemas clean-gsettings-schemas
.SECONDARY: $(gsettings_SCHEMAS)
ACLOCAL='${SHELL} /home/clarke/workspace/repotest2/webkit/Source/autotools/missing --run aclocal-1.11'
ACLOCAL_AMFLAGS='-I Source/autotools'
AMDEPBACKSLASH='\'
AMDEP_FALSE='#'
AMDEP_TRUE=''
AMTAR='$${TAR-tar}'
AM_BACKSLASH='\'
AM_DEFAULT_V='$(AM_DEFAULT_VERBOSITY)'
AM_DEFAULT_VERBOSITY='0'
AM_V='$(V)'
AR='ar'
AS='as'
ATSPI2_CFLAGS=''
ATSPI2_LIBS=''
AUTOCONF='${SHELL} /home/clarke/workspace/repotest2/webkit/Source/autotools/missing --run autoconf'
AUTOHEADER='${SHELL} /home/clarke/workspace/repotest2/webkit/Source/autotools/missing --run autoheader'
AUTOMAKE='${SHELL} /home/clarke/workspace/repotest2/webkit/Source/autotools/missing --run automake-1.11'
AWK='mawk'
BISON='/usr/bin/bison'
CAIRO_CFLAGS='-I/usr/include/cairo -I/usr/include/glib-2.0 -I/usr/lib/x86_64-linux-gnu/glib-2.0/include -I/usr/include/pixman-1 -I/usr/include/freetype2 -I/usr/include/libpng12  '
CAIRO_LIBS='-lcairo  '
CC='gcc'
CCDEPMODE='depmode=gcc3'
CFLAGS=' -O2'
CLUTTER_CFLAGS=''
CLUTTER_GTK_CFLAGS=''
CLUTTER_GTK_LIBS=''
CLUTTER_LIBS=''
COVERAGE_CFLAGS=''
COVERAGE_LDFLAGS=''
CPP='gcc -E'
CPPFLAGS=''
CXX='g++'
CXXCPP='g++ -E'
CXXDEPMODE='depmode=gcc3'
CXXFLAGS=' -Wno-c++0x-compat -O2'
CYGPATH_W='echo'
DEFS='-DHAVE_CONFIG_H'
DEPDIR='.deps'
DLLTOOL='dlltool'
DOLT_BASH='/bin/bash'
DSYMUTIL=''
DUMPBIN=''
ECHO_C=''
ECHO_N='-n'
ECHO_T=''
EGREP='/bin/grep -E'
ENABLE_ANIMATION_API_FALSE=''
ENABLE_ANIMATION_API_TRUE='#'
ENABLE_BLOB_FALSE='#'
ENABLE_BLOB_TRUE=''
ENABLE_CHANNEL_MESSAGING_FALSE='#'
ENABLE_CHANNEL_MESSAGING_TRUE=''
ENABLE_COVERAGE_FALSE=''
ENABLE_COVERAGE_TRUE='#'
ENABLE_DATAGRID_FALSE=''
ENABLE_DATAGRID_TRUE='#'
ENABLE_DATALIST_FALSE='#'
ENABLE_DATALIST_TRUE=''
ENABLE_DATA_TRANSFER_ITEMS_FALSE=''
ENABLE_DATA_TRANSFER_ITEMS_TRUE='#'
ENABLE_DEBUG_FALSE=''
ENABLE_DEBUG_TRUE='#'
ENABLE_DETAILS_FALSE=''
ENABLE_DETAILS_TRUE='#'
ENABLE_DEVICE_ORIENTATION_FALSE=''
ENABLE_DEVICE_ORIENTATION_TRUE='#'
ENABLE_DIRECTORY_UPLOAD_FALSE=''
ENABLE_DIRECTORY_UPLOAD_TRUE='#'
ENABLE_DISCOVERY_FALSE='#'
ENABLE_DISCOVERY_TRUE=''
ENABLE_FAST_MALLOC_FALSE='#'
ENABLE_FAST_MALLOC_TRUE=''
ENABLE_FAST_MOBILE_SCROLLING_FALSE=''
ENABLE_FAST_MOBILE_SCROLLING_TRUE='#'
ENABLE_FILE_SYSTEM_FALSE=''
ENABLE_FILE_SYSTEM_TRUE='#'
ENABLE_FILTERS_FALSE='#'
ENABLE_FILTERS_TRUE=''
ENABLE_FULLSCREEN_API_FALSE='#'
ENABLE_FULLSCREEN_API_TRUE=''
ENABLE_GAMEPAD_FALSE=''
ENABLE_GAMEPAD_TRUE='#'
ENABLE_GEOLOCATION_FALSE='#'
ENABLE_GEOLOCATION_TRUE=''
ENABLE_GTK_DOC_FALSE=''
ENABLE_GTK_DOC_TRUE='#'
ENABLE_ICONDATABASE_FALSE='#'
ENABLE_ICONDATABASE_TRUE=''
ENABLE_IMAGE_RESIZER_FALSE=''
ENABLE_IMAGE_RESIZER_TRUE='#'
ENABLE_INDEXED_DATABASE_FALSE=''
ENABLE_INDEXED_DATABASE_TRUE='#'
ENABLE_INPUT_COLOR_FALSE=''
ENABLE_INPUT_COLOR_TRUE='#'
ENABLE_INPUT_SPEECH_FALSE=''
ENABLE_INPUT_SPEECH_TRUE='#'
ENABLE_INTROSPECTION_FALSE=''
ENABLE_INTROSPECTION_TRUE='#'
ENABLE_JAVASCRIPT_DEBUGGER_FALSE='#'
ENABLE_JAVASCRIPT_DEBUGGER_TRUE=''
ENABLE_LEGACY_NOTIFICATIONS_FALSE=''
ENABLE_LEGACY_NOTIFICATIONS_TRUE='#'
ENABLE_MATHML_FALSE='#'
ENABLE_MATHML_TRUE=''
ENABLE_MEDIA_SOURCE_FALSE=''
ENABLE_MEDIA_SOURCE_TRUE='#'
ENABLE_MEDIA_STATISTICS_FALSE=''
ENABLE_MEDIA_STATISTICS_TRUE='#'
ENABLE_MEDIA_STREAM_FALSE=''
ENABLE_MEDIA_STREAM_TRUE='#'
ENABLE_METER_TAG_FALSE='#'
ENABLE_METER_TAG_TRUE=''
ENABLE_MHTML_FALSE=''
ENABLE_MHTML_TRUE='#'
ENABLE_MICRODATA_FALSE=''
ENABLE_MICRODATA_TRUE='#'
ENABLE_MUTATION_OBSERVERS_FALSE=''
ENABLE_MUTATION_OBSERVERS_TRUE='#'
ENABLE_NOTIFICATIONS_FALSE=''
ENABLE_NOTIFICATIONS_TRUE='#'
ENABLE_OPCODE_STATS_FALSE=''
ENABLE_OPCODE_STATS_TRUE='#'
ENABLE_ORIENTATION_EVENTS_FALSE=''
ENABLE_ORIENTATION_EVENTS_TRUE='#'
ENABLE_PAGE_VISIBILITY_API_FALSE=''
ENABLE_PAGE_VISIBILITY_API_TRUE='#'
ENABLE_PLUGIN_PROCESS_FALSE=''
ENABLE_PLUGIN_PROCESS_TRUE='#'
ENABLE_PROGRESS_TAG_FALSE='#'
ENABLE_PROGRESS_TAG_TRUE=''
ENABLE_QUOTA_FALSE=''
ENABLE_QUOTA_TRUE='#'
ENABLE_REGISTER_PROTOCOL_HANDLER_FALSE=''
ENABLE_REGISTER_PROTOCOL_HANDLER_TRUE='#'
ENABLE_REQUEST_ANIMATION_FRAME_FALSE='#'
ENABLE_REQUEST_ANIMATION_FRAME_TRUE=''
ENABLE_SCRIPTED_SPEECH_FALSE=''
ENABLE_SCRIPTED_SPEECH_TRUE='#'
ENABLE_SHADOW_DOM_FALSE='#'
ENABLE_SHADOW_DOM_TRUE=''
ENABLE_SHARED_WORKERS_FALSE='#'
ENABLE_SHARED_WORKERS_TRUE=''
ENABLE_SPELLCHECK_FALSE='#'
ENABLE_SPELLCHECK_TRUE=''
ENABLE_SQL_DATABASE_FALSE='#'
ENABLE_SQL_DATABASE_TRUE=''
ENABLE_STYLE_SCOPED_FALSE=''
ENABLE_STYLE_SCOPED_TRUE='#'
ENABLE_SVG_FALSE='#'
ENABLE_SVG_FONTS_FALSE='#'
ENABLE_SVG_FONTS_TRUE=''
ENABLE_SVG_TRUE=''
ENABLE_TOUCH_ICON_LOADING_FALSE=''
ENABLE_TOUCH_ICON_LOADING_TRUE='#'
ENABLE_VIDEO_FALSE='#'
ENABLE_VIDEO_TRACK_FALSE=''
ENABLE_VIDEO_TRACK_TRUE='#'
ENABLE_VIDEO_TRUE=''
ENABLE_WEBGL_FALSE='#'
ENABLE_WEBGL_TRUE=''
ENABLE_WEBKIT2_FALSE=''
ENABLE_WEBKIT2_TRUE='#'
ENABLE_WEB_AUDIO_FALSE=''
ENABLE_WEB_AUDIO_TRUE='#'
ENABLE_WEB_SOCKETS_FALSE='#'
ENABLE_WEB_SOCKETS_TRUE=''
ENABLE_WEB_TIMING_FALSE=''
ENABLE_WEB_TIMING_TRUE='#'
ENABLE_WORKERS_FALSE='#'
ENABLE_WORKERS_TRUE=''
ENABLE_XSLT_FALSE='#'
ENABLE_XSLT_TRUE=''
ENCHANT_CFLAGS='-pthread -I/usr/include/glib-2.0 -I/usr/lib/x86_64-linux-gnu/glib-2.0/include -I/usr/include/enchant  '
ENCHANT_LIBS='-lenchant  '
EXEEXT=''
FGREP='/bin/grep -F'
FLEX='/usr/bin/flex'
FREETYPE_CFLAGS='-I/usr/include/cairo -I/usr/include/freetype2 -I/usr/include/glib-2.0 -I/usr/lib/x86_64-linux-gnu/glib-2.0/include -I/usr/include/pixman-1 -I/usr/include/libpng12  '
FREETYPE_LIBS='-lcairo -lfontconfig -lfreetype  '
GAIL_CFLAGS='-pthread -I/usr/include/gail-3.0 -I/usr/include/atk-1.0 -I/usr/include/gtk-3.0 -I/usr/include/glib-2.0 -I/usr/lib/x86_64-linux-gnu/glib-2.0/include -I/usr/include/pango-1.0 -I/usr/include/gio-unix-2.0/ -I/usr/include/cairo -I/usr/include/gdk-pixbuf-2.0 -I/usr/include/freetype2 -I/usr/include/pixman-1 -I/usr/include/libpng12  '
GAIL_LIBS='-lgailutil-3 -lgtk-3 -lgdk-3 -latk-1.0 -lgio-2.0 -lpangocairo-1.0 -lgdk_pixbuf-2.0 -lcairo-gobject -lpango-1.0 -lcairo -lgobject-2.0 -lglib-2.0  '
GEOCLUE_CFLAGS='-I/usr/include/dbus-1.0 -I/usr/include/libxml2 -I/usr/lib/x86_64-linux-gnu/dbus-1.0/include -I/usr/include/glib-2.0 -I/usr/lib/x86_64-linux-gnu/glib-2.0/include  '
GEOCLUE_LIBS='-lgeoclue -ldbus-glib-1 -lxml2 -ldbus-1 -lpthread -lrt -lgobject-2.0 -lglib-2.0  '
GETTEXT_PACKAGE='webkit-3.0'
GLIB_CFLAGS='-pthread -I/usr/include/glib-2.0 -I/usr/lib/x86_64-linux-gnu/glib-2.0/include  '
GLIB_COMPILE_RESOURCES='/usr/lib/x86_64-linux-gnu/glib-2.0/glib-compile-resources'
GLIB_COMPILE_SCHEMAS='/usr/lib/x86_64-linux-gnu/glib-2.0/glib-compile-schemas'
GLIB_GENMARSHAL='glib-genmarshal'
GLIB_LIBS='-Wl,--export-dynamic -pthread -lgmodule-2.0 -lgthread-2.0 -lrt -lgio-2.0 -lgobject-2.0 -lglib-2.0  '
GLIB_MKENUMS='glib-mkenums'
GOBJECT_QUERY='gobject-query'
GPERF='/usr/bin/gperf'
GREP='/bin/grep'
GSETTINGS_DISABLE_SCHEMAS_COMPILE=''
GSETTINGS_RULES='
GSTREAMER_CFLAGS='-pthread -I/usr/include/gstreamer-0.10 -I/usr/include/glib-2.0 -I/usr/lib/x86_64-linux-gnu/glib-2.0/include -I/usr/include/libxml2  '
GSTREAMER_LIBS='-pthread -lgstapp-0.10 -lgstaudio-0.10 -lgstfft-0.10 -lm -lgstinterfaces-0.10 -lgstpbutils-0.10 -lgstvideo-0.10 -lgstbase-0.10 -lgstreamer-0.10 -lgobject-2.0 -lgmodule-2.0 -lgthread-2.0 -lrt -lxml2 -lglib-2.0  '
GST_API_VERSION='0.10'
GTK2_CFLAGS=''
GTK2_LIBS=''
GTKDOC_CHECK='/usr/bin/gtkdoc-check'
GTKDOC_DEPS_CFLAGS=''
GTKDOC_DEPS_LIBS=''
GTKDOC_MKPDF='/usr/bin/gtkdoc-mkpdf'
GTKDOC_REBASE='/usr/bin/gtkdoc-rebase'
GTK_API_VERSION='3.0'
GTK_API_VERSION_2_FALSE=''
GTK_API_VERSION_2_TRUE='#'
GTK_CFLAGS='-pthread -I/usr/include/gtk-3.0 -I/usr/include/pango-1.0 -I/usr/include/gio-unix-2.0/ -I/usr/include/atk-1.0 -I/usr/include/cairo -I/usr/include/gdk-pixbuf-2.0 -I/usr/include/freetype2 -I/usr/include/glib-2.0 -I/usr/lib/x86_64-linux-gnu/glib-2.0/include -I/usr/include/pixman-1 -I/usr/include/libpng12  '
GTK_DOC_BUILD_HTML_FALSE='#'
GTK_DOC_BUILD_HTML_TRUE=''
GTK_DOC_BUILD_PDF_FALSE=''
GTK_DOC_BUILD_PDF_TRUE='#'
GTK_DOC_USE_LIBTOOL_FALSE='#'
GTK_DOC_USE_LIBTOOL_TRUE=''
GTK_DOC_USE_REBASE_FALSE='#'
GTK_DOC_USE_REBASE_TRUE=''
GTK_LIBS='-lgtk-3 -lgdk-3 -latk-1.0 -lgio-2.0 -lpangocairo-1.0 -lgdk_pixbuf-2.0 -lcairo-gobject -lpango-1.0 -lcairo -lgobject-2.0 -lglib-2.0  '
GTK_UNIX_PRINTING_CFLAGS=''
GTK_UNIX_PRINTING_LIBS=''
G_IR_COMPILER=''
G_IR_GENERATE=''
G_IR_SCANNER=''
HAVE_ATSPI2_FALSE=''
HAVE_ATSPI2_TRUE='#'
HILDON_CFLAGS=''
HILDON_CPPFLAGS=''
HILDON_LIBS=''
HTML_DIR='${datadir}/gtk-doc/html'
HTML_FLAGS_FALSE='#'
HTML_FLAGS_TRUE=''
INSTALL_DATA='${INSTALL} -m 644'
INSTALL_PROGRAM='${INSTALL}'
INSTALL_SCRIPT='${INSTALL}'
INSTALL_STRIP_PROGRAM='$(install_sh) -c -s'
INTROSPECTION_CFLAGS=''
INTROSPECTION_LIBS=''
JPEG_LIBS='-ljpeg'
JSC_CPPFLAGS=''
LD='/usr/bin/ld -m elf_x86_64'
LDFLAGS=''
LIBOBJS=''
LIBS=''
LIBSOUP_CFLAGS='-pthread -I/usr/include/libsoup-2.4 -I/usr/include/libxml2 -I/usr/include/glib-2.0 -I/usr/lib/x86_64-linux-gnu/glib-2.0/include  '
LIBSOUP_LIBS='-lsoup-2.4 -lgio-2.0 -lgobject-2.0 -lglib-2.0  '
LIBTOOL='$(top_builddir)/doltlibtool'
LIBWEBKITGTK_VERSION='12:0:12'
LIBXML_CFLAGS='-I/usr/include/libxml2  '
LIBXML_LIBS='-lxml2  '
LIBXSLT_CFLAGS='-I/usr/include/libxml2  '
LIBXSLT_LIBS='-lxslt -lxml2  '
LIPO=''
LN_S='ln -s'
LTCOMPILE='$(top_builddir)/doltcompile $(COMPILE)'
LTCXXCOMPILE='$(top_builddir)/doltcompile $(CXXCOMPILE)'
LTLIBOBJS=''
MAKEINFO='${SHELL} /home/clarke/workspace/repotest2/webkit/Source/autotools/missing --run makeinfo'
MANIFEST_TOOL=':'
MKDIR_P='/bin/mkdir -p'
MV='/bin/mv'
NM='/usr/bin/nm -B'
NMEDIT=''
OBJDUMP='objdump'
OBJEXT='o'
OLE32_LIBS=''
OPENGL_LIBS='-lGL -ldl'
OS_FREEBSD_FALSE=''
OS_FREEBSD_TRUE='#'
OS_GNU_FALSE='#'
OS_GNU_TRUE=''
OS_LINUX_FALSE='#'
OS_LINUX_TRUE=''
OS_UNIX_FALSE='#'
OS_UNIX_TRUE=''
OS_WIN32_FALSE=''
OS_WIN32_TRUE='#'
OTOOL64=''
OTOOL=''
PACKAGE='webkit'
PACKAGE_BUGREPORT='http://bugs.webkit.org/'
PACKAGE_NAME='WebKit'
PACKAGE_STRING='WebKit 1.9.0'
PACKAGE_TARNAME='webkit'
PACKAGE_URL=''
PACKAGE_VERSION='1.9.0'
PANGO_CFLAGS='-pthread -I/usr/include/pango-1.0 -I/usr/include/glib-2.0 -I/usr/lib/x86_64-linux-gnu/glib-2.0/include -I/usr/include/freetype2  '
PANGO_LIBS='-lpangoft2-1.0 -lpango-1.0 -lfreetype -lfontconfig -lgobject-2.0 -lglib-2.0  '
PATH_SEPARATOR=':'
PERL='/usr/bin/perl'
PKG_CONFIG='/usr/bin/pkg-config'
PKG_CONFIG_LIBDIR=''
PKG_CONFIG_PATH=''
PNG_LIBS='-lpng12  '
PYTHON='/usr/bin/python'
RANLIB='ranlib'
SED='/bin/sed'
SET_MAKE=''
SHELL='/bin/bash'
SHLWAPI_LIBS=''
SQLITE3_CFLAGS=' '
SQLITE3_LIBS='-lsqlite3  '
STRIP='strip'
SVG_FLAGS_FALSE='#'
SVG_FLAGS_TRUE=''
SYMBOL_VISIBILITY='-fvisibility=hidden'
SYMBOL_VISIBILITY_INLINES='-fvisibility-inlines-hidden'
TARGET_DIRECTFB_FALSE=''
TARGET_DIRECTFB_TRUE='#'
TARGET_QUARTZ_FALSE=''
TARGET_QUARTZ_TRUE='#'
TARGET_WIN32_FALSE=''
TARGET_WIN32_TRUE='#'
TARGET_X11_FALSE='#'
TARGET_X11_TRUE=''
UNICODE_CFLAGS='-D_REENTRANT  -I/usr/include '
UNICODE_LIBS='-licui18n -licuuc -licudata '
USE_ACCELERATED_COMPOSITING_FALSE=''
USE_ACCELERATED_COMPOSITING_TRUE='#'
USE_CLUTTER_FALSE=''
USE_CLUTTER_TRUE='#'
USE_FREETYPE_FALSE='#'
USE_FREETYPE_TRUE=''
USE_GLIB_UNICODE_FALSE=''
USE_GLIB_UNICODE_TRUE='#'
USE_GSTREAMER_FALSE='#'
USE_GSTREAMER_TRUE=''
USE_ICU_UNICODE_FALSE='#'
USE_ICU_UNICODE_TRUE=''
USE_PANGO_FALSE=''
USE_PANGO_TRUE='#'
USE_TEXTURE_MAPPER_CAIRO_FALSE=''
USE_TEXTURE_MAPPER_CAIRO_TRUE='#'
USE_TEXTURE_MAPPER_GL_FALSE=''
USE_TEXTURE_MAPPER_GL_TRUE='#'
USE_WEBAUDIO_GSTREAMER_FALSE=''
USE_WEBAUDIO_GSTREAMER_TRUE='#'
VERSION='1.9.0'
WEBKITGTK_API_MAJOR_VERSION='3'
WEBKITGTK_API_MINOR_VERSION='0'
WEBKITGTK_API_VERSION='3.0'
WEBKITGTK_PC_NAME='webkitgtk'
WEBKIT_MAJOR_VERSION='1'
WEBKIT_MICRO_VERSION='0'
WEBKIT_MINOR_VERSION='9'
WEBKIT_USER_AGENT_MAJOR_VERSION='535'
WEBKIT_USER_AGENT_MINOR_VERSION='20'
WINMM_LIBS=''
XRENDER_CFLAGS=' '
XRENDER_LIBS='-lXrender -lX11  '
XT_CFLAGS=' '
XT_LIBS='-lXt -lX11  '
ZLIB_CFLAGS=' '
ZLIB_LIBS='-lz  '
ac_ct_AR='ar'
ac_ct_CC='gcc'
ac_ct_CXX='g++'
ac_ct_DUMPBIN=''
all-am: $(gsettings_SCHEMAS:.xml=.valid)
am__EXEEXT_FALSE=''
am__EXEEXT_TRUE='#'
am__fastdepCC_FALSE='#'
am__fastdepCC_TRUE=''
am__fastdepCXX_FALSE='#'
am__fastdepCXX_TRUE=''
am__include='include'
am__isrc=''
am__leading_dot='.'
am__nodep='_no'
am__quote=''
am__tar='tar --format=ustar -chf - "$$tardir"'
am__untar='tar -xf -'
bindir='${exec_prefix}/bin'
build='x86_64-unknown-linux-gnu'
build_alias=''
build_cpu='x86_64'
build_os='linux-gnu'
build_vendor='unknown'
clean-gsettings-schemas:
datadir='${datarootdir}'
datarootdir='${prefix}/share'
docdir='${datarootdir}/doc/${PACKAGE_TARNAME}'
dvidir='${docdir}'
endif'
exec_prefix='${prefix}'
gsettings__base_list = \
gsettings__enum_file = $(addsuffix .enums.xml,$(gsettings_ENUM_NAMESPACE))
gsettingsschemadir='${datarootdir}/glib-2.0/schemas'
host='x86_64-unknown-linux-gnu'
host_alias=''
host_cpu='x86_64'
host_os='linux-gnu'
host_vendor='unknown'
htmldir='${docdir}'
icu_config='/usr/bin/icu-config'
ifdef gsettings_ENUM_NAMESPACE
includedir='${prefix}/include'
infodir='${datarootdir}/info'
install-data-am: install-gsettings-schemas
install-gsettings-schemas: $(gsettings_SCHEMAS:.xml=.valid) $(gsettings__enum_file)
install_sh='${SHELL} /home/clarke/workspace/repotest2/webkit/Source/autotools/install-sh'
libdir='${exec_prefix}/lib'
libexecdir='${exec_prefix}/libexec'
localedir='${datarootdir}/locale'
localstatedir='${prefix}/var'
mandir='${datarootdir}/man'
mkdir_p='/bin/mkdir -p'
mostlyclean-am: clean-gsettings-schemas
oldincludedir='/usr/include'
pdfdir='${docdir}'
prefix='/usr'
program_transform_name='s,x,x,'
psdir='${docdir}'
sbindir='${exec_prefix}/sbin'
sharedstatedir='${prefix}/com'
sysconfdir='${prefix}/etc'
target_alias=''
uninstall-am: uninstall-gsettings-schemas
uninstall-gsettings-schemas:

## ----------- ##
## confdefs.h. ##
## ----------- ##

/* confdefs.h */
#define PACKAGE_NAME "WebKit"
#define PACKAGE_TARNAME "webkit"
#define PACKAGE_VERSION "1.9.0"
#define PACKAGE_STRING "WebKit 1.9.0"
#define PACKAGE_BUGREPORT "http://bugs.webkit.org/"
#define PACKAGE_URL ""
#define PACKAGE "webkit"
#define VERSION "1.9.0"
#define STDC_HEADERS 1
#define HAVE_SYS_TYPES_H 1
#define HAVE_SYS_STAT_H 1
#define HAVE_STDLIB_H 1
#define HAVE_STRING_H 1
#define HAVE_MEMORY_H 1
#define HAVE_STRINGS_H 1
#define HAVE_INTTYPES_H 1
#define HAVE_STDINT_H 1
#define HAVE_UNISTD_H 1
#define HAVE__BOOL 1
#define HAVE_STDBOOL_H 1
#define HAVE_DLFCN_H 1
#define LT_OBJDIR ".libs/"
#define HAVE_PTHREAD_H 1
#define HAVE_PTHREAD_H 1
#define HAVE_PTHREAD_RWLOCK 1
#define GETTEXT_PACKAGE "webkit-3.0"
#define WTF_PLATFORM_X11 1
#define HAVE_GL_GL_H 1
#define HAVE_GL_GLX_H 1
#define NDEBUG 1

configure: exit 0
